<?xml version="1.0" encoding="UTF-8"?>
<!-- Generated by org.testng.reporters.JUnitXMLReporter -->
<testsuite ignored="0" hostname="LAPTOP-DAPHEM15" failures="3" tests="35" name="api Test" time="5.255" errors="0" timestamp="2020-11-01T22:55:53 IST">
  <testcase classname="employeetestclass.getallEmplyees" name="checkContentEncoding" time="0.007"/>
  <testcase classname="employeetestclass.getallEmplyees" name="checkContenttype" time="0.003"/>
  <testcase classname="employeetestclass.getallEmplyees" name="checkResponseBody" time="0.022"/>
  <testcase classname="employeetestclass.getallEmplyees" name="checkResponsetime" time="0.003"/>
  <testcase classname="employeetestclass.getallEmplyees" name="checkServertype" time="0.002"/>
  <testcase classname="employeetestclass.getallEmplyees" name="checkStatuscode" time="0.003"/>
  <testcase classname="employeetestclass.getallEmplyees" name="checkStatusline" time="0.001"/>
  <testcase classname="employeetestclass.getsingleemplyee" name="checkContentEncoding" time="0.002"/>
  <testcase classname="employeetestclass.getsingleemplyee" name="checkContenttype" time="0.001"/>
  <testcase classname="employeetestclass.getsingleemplyee" name="checkResponseBody" time="0.001"/>
  <testcase classname="employeetestclass.getsingleemplyee" name="checkResponsetime" time="0.001"/>
  <testcase classname="employeetestclass.getsingleemplyee" name="checkServertype" time="0.001"/>
  <testcase classname="employeetestclass.getsingleemplyee" name="checkStatuscode" time="0.002"/>
  <testcase classname="employeetestclass.getsingleemplyee" name="checkStatusline" time="0.001"/>
  <testcase classname="employeetestclass.postEmployee" name="checkContentEncoding" time="0.001"/>
  <testcase classname="employeetestclass.postEmployee" name="checkContenttype" time="0.001"/>
  <testcase classname="employeetestclass.postEmployee" name="checkResponseBody" time="0.001"/>
  <testcase classname="employeetestclass.postEmployee" name="checkResponsetime" time="0.001"/>
  <testcase classname="employeetestclass.postEmployee" name="checkServertype" time="0.001"/>
  <testcase classname="employeetestclass.postEmployee" name="checkStatuscode" time="0.0"/>
  <testcase classname="employeetestclass.postEmployee" name="checkStatusline" time="0.001"/>
  <testcase classname="employeetestclass.updateEmployees" name="checkContentEncoding" time="0.001"/>
  <testcase classname="employeetestclass.updateEmployees" name="checkContenttype" time="0.001"/>
  <testcase classname="employeetestclass.updateEmployees" name="checkResponseBody" time="0.001"/>
  <testcase classname="employeetestclass.updateEmployees" name="checkResponsetime" time="0.001"/>
  <testcase classname="employeetestclass.updateEmployees" name="checkServertype" time="0.001"/>
  <testcase classname="employeetestclass.updateEmployees" name="checkStatuscode" time="0.001"/>
  <testcase classname="employeetestclass.updateEmployees" name="checkStatusline" time="0.002"/>
  <testcase classname="employeetestclass.deleteEmployees" name="checkContentEncoding" time="0.001"/>
  <testcase classname="employeetestclass.deleteEmployees" name="checkContenttype" time="0.002">
    <failure type="java.lang.AssertionError" message="expected [application/json; charset=utf-8] but found [null]">
      <![CDATA[java.lang.AssertionError: expected [application/json; charset=utf-8] but found [null]
at employeetestclass.deleteEmployees.checkContenttype(deleteEmployees.java:99)
at java.base/java.util.ArrayList.forEach(ArrayList.java:1511)
... Removed 33 stack frames]]>
    </failure>
  </testcase> <!-- checkContenttype -->
  <testcase classname="employeetestclass.deleteEmployees" name="checkResponseBody" time="0.001">
    <failure type="java.lang.AssertionError" message="expected [true] but found [false]">
      <![CDATA[java.lang.AssertionError: expected [true] but found [false]
at employeetestclass.deleteEmployees.checkResponseBody(deleteEmployees.java:56)
at java.base/java.util.ArrayList.forEach(ArrayList.java:1511)
... Removed 33 stack frames]]>
    </failure>
  </testcase> <!-- checkResponseBody -->
  <testcase classname="employeetestclass.deleteEmployees" name="checkResponsetime" time="0.001"/>
  <testcase classname="employeetestclass.deleteEmployees" name="checkServertype" time="0.0"/>
  <testcase classname="employeetestclass.deleteEmployees" name="checkStatuscode" time="0.001">
    <failure type="java.lang.AssertionError" message="expected [200] but found [204]">
      <![CDATA[java.lang.AssertionError: expected [200] but found [204]
at employeetestclass.deleteEmployees.checkStatuscode(deleteEmployees.java:65)
at java.base/java.util.ArrayList.forEach(ArrayList.java:1511)
... Removed 33 stack frames]]>
    </failure>
  </testcase> <!-- checkStatuscode -->
  <testcase classname="employeetestclass.deleteEmployees" name="checkStatusline" time="0.001"/>
</testsuite> <!-- api Test -->
